<?xml version="1.0" encoding="UTF-8"?>
<!-- Generated by org.testng.reporters.JUnitXMLReporter -->
<testsuite ignored="10" hostname="LP-5CD138BJL2" failures="0" tests="12" name="Prelem Search Service" time="13.143" errors="0" timestamp="24 Feb 2022 11:20:20 GMT">
  <testcase classname="api.test.PrelemSearchServices.AllLayoutsServiceTest" name="VerifyAlllayoutsResponseStatus" time="3.873"/>
  <testcase classname="api.test.PrelemSearchServices.TopNavigationServiceTest" name="VerifyTopNavResponseStatus" time="0.637"/>
  <testcase classname="api.test.PrelemSearchServices.LayoutSearchServiceTest" name="VerifylayoutSearchResponseStatus" time="0.739"/>
  <testcase classname="api.test.PrelemSearchServices.PrelemInfoServiceTest" name="VerifyPrelemInfoResponseStatus" time="0.636"/>
  <testcase classname="api.test.PrelemSearchServices.PrelemPreviewServiceTest" name="VerifyPrelemPreviewResponseStatus" time="0.732"/>
  <testcase classname="api.test.PrelemSearchServices.PrelemSuggestiveSearchServiceTest" name="VerifySuggestiveSearchResponseStatus" time="0.589"/>
  <testcase classname="api.test.PrelemSearchServices.AllLayoutsServiceTest" name="VerifyAllLayoutsFieldsNotNull" time="1.736"/>
  <testcase classname="api.test.PrelemSearchServices.TopNavigationServiceTest" name="VerifyFieldsOfTopNavNotNull" time="1.164"/>
  <testcase classname="api.test.PrelemSearchServices.LayoutSearchServiceTest" name="VerifylayoutSearchFieldsNotNull" time="0.728"/>
  <testcase classname="api.test.PrelemSearchServices.PrelemInfoServiceTest" name="VerifyPrelemInfoFieldsNotNull" time="0.747"/>
  <testcase classname="api.test.PrelemSearchServices.PrelemPreviewServiceTest" name="VerifyPrelemPreviewFieldsNotNull" time="0.754"/>
  <testcase classname="api.test.PrelemSearchServices.PrelemSuggestiveSearchServiceTest" name="VerifyFieldsOfTopNavNotNull" time="0.66"/>
  <testcase classname="web.testBase.ApiBaseClass" name="@AfterSuite afterSuite" time="0.0">
    <ignored/>
  </testcase> <!-- @AfterSuite afterSuite -->
  <testcase classname="web.testBase.ApiBaseClass" name="@AfterSuite afterSuite" time="0.0">
    <ignored/>
  </testcase> <!-- @AfterSuite afterSuite -->
  <testcase classname="web.testBase.ApiBaseClass" name="@AfterSuite afterSuite" time="0.0">
    <ignored/>
  </testcase> <!-- @AfterSuite afterSuite -->
  <testcase classname="web.testBase.ApiBaseClass" name="@AfterSuite afterSuite" time="0.0">
    <ignored/>
  </testcase> <!-- @AfterSuite afterSuite -->
  <testcase classname="web.testBase.ApiBaseClass" name="@AfterSuite afterSuite" time="0.0">
    <ignored/>
  </testcase> <!-- @AfterSuite afterSuite -->
  <testcase classname="web.testBase.ApiBaseClass" name="@BeforeSuite beforeSuite" time="0.0">
    <ignored/>
  </testcase> <!-- @BeforeSuite beforeSuite -->
  <testcase classname="web.testBase.ApiBaseClass" name="@BeforeSuite beforeSuite" time="0.0">
    <ignored/>
  </testcase> <!-- @BeforeSuite beforeSuite -->
  <testcase classname="web.testBase.ApiBaseClass" name="@BeforeSuite beforeSuite" time="0.0">
    <ignored/>
  </testcase> <!-- @BeforeSuite beforeSuite -->
  <testcase classname="web.testBase.ApiBaseClass" name="@BeforeSuite beforeSuite" time="0.0">
    <ignored/>
  </testcase> <!-- @BeforeSuite beforeSuite -->
  <testcase classname="web.testBase.ApiBaseClass" name="@BeforeSuite beforeSuite" time="0.0">
    <ignored/>
  </testcase> <!-- @BeforeSuite beforeSuite -->
</testsuite> <!-- Prelem Search Service -->
