<?xml version="1.0" encoding="UTF-8"?>
<testsuite xmlns:xsi="http://www.w3.org/2001/XMLSchema-instance" xsi:noNamespaceSchemaLocation="https://maven.apache.org/surefire/maven-surefire-plugin/xsd/surefire-test-report.xsd" name="TestSuite" time="230.607" tests="2" errors="0" skipped="0" failures="2">
  <properties>
[...]
</properties>
  <testcase name="Verifyloginbutton" classname="web.test.changePassword.ChangePasswordTest" time="100.717">
    <failure message="Expected condition failed: waiting for visibility of Proxy element for: DefaultElementLocator &apos;By.xpath: //span[text()=&apos;Login&apos;]/parent::button&apos; (tried for 100 second(s) with 500 milliseconds interval)" type="org.openqa.selenium.TimeoutException">org.openqa.selenium.TimeoutException: Expected condition failed: waiting for visibility of Proxy element for: DefaultElementLocator 'By.xpath: //span[text()='Login']/parent::button' (tried for 100 second(s) with 500 milliseconds interval)
	at web.test.changePassword.ChangePasswordTest.Verifyloginbutton(ChangePasswordTest.java:17)
Caused by: org.openqa.selenium.NoSuchElementException: 
no such element: Unable to locate element: {"method":"xpath","selector":"//span[text()='Login']/parent::button"}
  (Session info: chrome=96.0.4664.110)
For documentation on this error, please visit: http://seleniumhq.org/exceptions/no_such_element.html
Build info: version: '3.12.0', revision: '7c6e0b3', time: '2018-05-08T14:04:26.12Z'
System info: host: 'LP-5CD138BJL2', ip: '192.168.1.16', os.name: 'Windows 10', os.arch: 'amd64', os.version: '10.0', java.version: '17.0.1'
Driver info: org.openqa.selenium.chrome.ChromeDriver
Capabilities {acceptInsecureCerts: false, browserName: chrome, browserVersion: 96.0.4664.110, chrome: {chromedriverVersion: 96.0.4664.45 (76e4c1bb2ab46..., userDataDir: C:\Users\SENTHI~1.SAN\AppDa...}, goog:chromeOptions: {debuggerAddress: localhost:63702}, javascriptEnabled: true, networkConnectionEnabled: false, pageLoadStrategy: normal, platform: WINDOWS, platformName: WINDOWS, proxy: Proxy(), setWindowRect: true, strictFileInteractability: false, timeouts: {implicit: 0, pageLoad: 300000, script: 30000}, unhandledPromptBehavior: dismiss and notify, webauthn:extension:credBlob: true, webauthn:extension:largeBlob: true, webauthn:virtualAuthenticators: true}
Session ID: fa584fefe719be3614bcc0b53c24044d
*** Element info: {Using=xpath, value=//span[text()='Login']/parent::button}
	at web.test.changePassword.ChangePasswordTest.Verifyloginbutton(ChangePasswordTest.java:17)
</failure>
    <system-out><![CDATA[12-28-2021 15:48:09 Log.java INFO  [main] utility.Log 16 - **************************************************************************************
12-28-2021 15:48:09 Log.java INFO  [main] utility.Log 18 - $$$$$$$$$$$$$$$$$$ TestMethod Name: Verifyloginbutton       $$$$$$$$$$$$$$$$$$
12-28-2021 15:48:09 Log.java INFO  [main] utility.Log 20 - **************************************************************************************
12-28-2021 15:48:09 Log.java INFO  [main] utility.Log 33 - Browser Name: chrome
12-28-2021 15:48:09 Log.java INFO  [main] utility.Log 33 - Browser Version: 96.0.4664.110
12-28-2021 15:48:09 Log.java INFO  [main] utility.Log 33 - Testcase Execution started
]]></system-out>
    <system-err><![CDATA[Starting ChromeDriver 96.0.4664.45 (76e4c1bb2ab4671b8beba3444e61c0f17584b2fc-refs/branch-heads/4664@{#947}) on port 13651
Only local connections are allowed.
Please see https://chromedriver.chromium.org/security-considerations for suggestions on keeping ChromeDriver safe.
ChromeDriver was started successfully.
Dec 28, 2021 3:48:05 PM org.openqa.selenium.remote.ProtocolHandshake createSession
INFO: Detected dialect: W3C
]]></system-err>
  </testcase>
  <testcase name="Verifyusernamepassword" classname="web.test.changePassword.ChangePasswordTest" time="100.374">
    <failure message="Expected condition failed: waiting for visibility of Proxy element for: DefaultElementLocator &apos;By.xpath: //span[text()=&apos;Login&apos;]/parent::button&apos; (tried for 100 second(s) with 500 milliseconds interval)" type="org.openqa.selenium.TimeoutException">org.openqa.selenium.TimeoutException: Expected condition failed: waiting for visibility of Proxy element for: DefaultElementLocator 'By.xpath: //span[text()='Login']/parent::button' (tried for 100 second(s) with 500 milliseconds interval)
	at web.test.changePassword.ChangePasswordTest.Verifyusernamepassword(ChangePasswordTest.java:24)
Caused by: org.openqa.selenium.NoSuchElementException: 
no such element: Unable to locate element: {"method":"xpath","selector":"//span[text()='Login']/parent::button"}
  (Session info: chrome=96.0.4664.110)
For documentation on this error, please visit: http://seleniumhq.org/exceptions/no_such_element.html
Build info: version: '3.12.0', revision: '7c6e0b3', time: '2018-05-08T14:04:26.12Z'
System info: host: 'LP-5CD138BJL2', ip: '192.168.1.16', os.name: 'Windows 10', os.arch: 'amd64', os.version: '10.0', java.version: '17.0.1'
Driver info: org.openqa.selenium.chrome.ChromeDriver
Capabilities {acceptInsecureCerts: false, browserName: chrome, browserVersion: 96.0.4664.110, chrome: {chromedriverVersion: 96.0.4664.45 (76e4c1bb2ab46..., userDataDir: C:\Users\SENTHI~1.SAN\AppDa...}, goog:chromeOptions: {debuggerAddress: localhost:63767}, javascriptEnabled: true, networkConnectionEnabled: false, pageLoadStrategy: normal, platform: WINDOWS, platformName: WINDOWS, proxy: Proxy(), setWindowRect: true, strictFileInteractability: false, timeouts: {implicit: 0, pageLoad: 300000, script: 30000}, unhandledPromptBehavior: dismiss and notify, webauthn:extension:credBlob: true, webauthn:extension:largeBlob: true, webauthn:virtualAuthenticators: true}
Session ID: 880df2185b194433ee06179eab7fb104
*** Element info: {Using=xpath, value=//span[text()='Login']/parent::button}
	at web.test.changePassword.ChangePasswordTest.Verifyusernamepassword(ChangePasswordTest.java:24)
</failure>
    <system-out><![CDATA[12-28-2021 15:49:50 Log.java INFO  [main] utility.Log 33 - Testcase Execution completed
12-28-2021 15:49:50 Log.java INFO  [main] utility.Log 26 - ***************************     -E---N---D-    ******************************
12-28-2021 15:50:08 Log.java INFO  [main] utility.Log 16 - **************************************************************************************
12-28-2021 15:50:08 Log.java INFO  [main] utility.Log 18 - $$$$$$$$$$$$$$$$$$ TestMethod Name: Verifyusernamepassword       $$$$$$$$$$$$$$$$$$
12-28-2021 15:50:08 Log.java INFO  [main] utility.Log 20 - **************************************************************************************
12-28-2021 15:50:08 Log.java INFO  [main] utility.Log 33 - Browser Name: chrome
12-28-2021 15:50:08 Log.java INFO  [main] utility.Log 33 - Browser Version: 96.0.4664.110
12-28-2021 15:50:08 Log.java INFO  [main] utility.Log 33 - Testcase Execution started
]]></system-out>
    <system-err><![CDATA[Starting ChromeDriver 96.0.4664.45 (76e4c1bb2ab4671b8beba3444e61c0f17584b2fc-refs/branch-heads/4664@{#947}) on port 46375
Only local connections are allowed.
Please see https://chromedriver.chromium.org/security-considerations for suggestions on keeping ChromeDriver safe.
ChromeDriver was started successfully.
Dec 28, 2021 3:49:56 PM org.openqa.selenium.remote.ProtocolHandshake createSession
INFO: Detected dialect: W3C
]]></system-err>
  </testcase>
</testsuite>